<?xml version="1.0" encoding="UTF-8"?>
<!-- Generated by org.testng.reporters.JUnitReportReporter -->
<testsuite hostname="DESKTOP-1C5QIJC" failures="0" tests="1" name="Test_PATCH" time="1.428" errors="0" timestamp="2020-12-15T21:54:38 CST" skipped="0">
  <testcase classname="Test_PATCH" name="test_DELETE" time="1.428"/>
  <system-out/>
</testsuite> <!-- Test_PATCH -->
