<?xml version="1.0" encoding="UTF-8"?>
<!-- Generated by org.testng.reporters.JUnitReportReporter -->
<testsuite hostname="DESKTOP-1C5QIJC" failures="0" tests="1" name="Test_GET" time="1.639" errors="0" timestamp="2020-12-15T20:39:54 CST" skipped="0">
  <testcase classname="Test_GET" name="test_1" time="1.639"/>
  <system-out/>
</testsuite> <!-- Test_GET -->
