<?xml version="1.0" encoding="UTF-8"?>
<!-- Generated by org.testng.reporters.JUnitReportReporter -->
<testsuite hostname="DESKTOP-1C5QIJC" failures="0" tests="1" name="Test_Post" time="1.533" errors="0" timestamp="2020-12-15T21:38:32 CST" skipped="0">
  <testcase classname="Test_Post" name="test2_PUT" time="1.533"/>
  <system-out/>
</testsuite> <!-- Test_Post -->
