<?xml version="1.0" encoding="UTF-8"?>
<!-- Generated by org.testng.reporters.JUnitReportReporter -->
<testsuite hostname="DESKTOP-1C5QIJC" failures="0" tests="1" name="Test_PUT" time="1.431" errors="0" timestamp="2020-12-15T21:50:36 CST" skipped="0">
  <testcase classname="Test_PUT" name="test_Patch" time="1.431"/>
  <system-out/>
</testsuite> <!-- Test_PUT -->
